{"level":"warn","message":"Alerta"}
warning: Alerta
fatal: Fatal
error: Error
warning: Warning
warning: Alerta
fatal: Fatal
error: Error
warning: Warning
warning: Alerta
fatal: Fatal
fatal: Fatal
error: Error
warning: Warning
warning: Alerta
fatal: Fatal
fatal: Fatal
fatal: Fatal
error: Error
warning: Warning
error: Error
warning: Alerta
fatal: Fatal
fatal: Fatal
fatal: Fatal
error: Error
warning: Warning
error: Error
fatal: Fatal
fatal: Fatal
fatal: Fatal
error: Error
warning: Warning
error: Error
